{"level":"info","message":"server running on port 3000..."}
{"level":"info","message":"sdb connected..."}
{"level":"info","message":"server running on port 3000..."}
{"level":"info","message":"db connected..."}
{"level":"info","message":"server running on port 3000..."}
{"level":"info","message":"db connected..."}
{"level":"info","message":"server running on port 3000..."}
{"level":"info","message":"db connected..."}
{"level":"info","message":"server running on port 3000..."}
{"level":"info","message":"db connected..."}
{"level":"info","message":"server running on port 3000..."}
{"level":"info","message":"db connected..."}
{"level":"info","message":"server running on port 3000..."}
{"level":"info","message":"db connected..."}
{"level":"info","message":"server running on port 3000..."}
{"level":"info","message":"db connected..."}
{"level":"info","message":"server running on port 3000..."}
{"level":"info","message":"db connected..."}
{"level":"info","message":"server running on port 3000..."}
{"level":"info","message":"db connected..."}
{"level":"info","message":"server running on port 3000..."}
{"level":"info","message":"db connected..."}
{"level":"info","message":"server running on port 3000..."}
{"level":"info","message":"db connected..."}
{"level":"info","message":"server running on port 3000..."}
{"level":"info","message":"db connected..."}
{"level":"info","message":"server running on port 3000..."}
{"level":"info","message":"db connected..."}
{"level":"info","message":"server running on port 3000..."}
{"level":"info","message":"db connected..."}
{"level":"info","message":"server running on port 3000..."}
{"level":"info","message":"db connected..."}
{"level":"info","message":"server running on port 3000..."}
{"level":"info","message":"db connected..."}
{"level":"info","message":"server running on port 3000..."}
{"level":"info","message":"db connected..."}
{"level":"info","message":"server running on port 3000..."}
{"level":"info","message":"db connected..."}
{"level":"info","message":"server running on port 3000..."}
{"level":"error","message":"confirmPassword is not defined"}
{"level":"info","message":"db connected..."}
{"level":"info","message":"server running on port 3000..."}
{"level":"info","message":"db connected..."}
{"level":"info","message":"server running on port 3000..."}
{"level":"info","message":"db connected..."}
{"level":"info","message":"server running on port 3000..."}
{"level":"info","message":"db connected..."}
{"level":"info","message":"server running on port 3000..."}
{"level":"info","message":"db connected..."}
{"level":"info","message":"server running on port 3000..."}
{"level":"info","message":"db connected..."}
{"level":"info","message":"server running on port 3000..."}
{"level":"info","message":"db connected..."}
{"level":"info","message":"server running on port 3000..."}
{"level":"error","message":"Users validation failed: google.id: Path `google.id` is required., google.email: Path `google.email` is required., facebook.id: Path `facebook.id` is required., facebook.email: Path `facebook.email` is required."}
{"level":"info","message":"db connected..."}
{"level":"info","message":"server running on port 3000..."}
{"level":"info","message":"db connected..."}
{"level":"info","message":"server running on port 3000..."}
{"level":"info","message":"db connected..."}
{"level":"info","message":"server running on port 3000..."}
{"level":"info","message":"db connected..."}
{"level":"info","message":"server running on port 3000..."}
{"level":"info","message":"db connected..."}
{"level":"info","message":"server running on port 3000..."}
{"level":"info","message":"db connected..."}
{"level":"info","message":"server running on port 3000..."}
{"level":"info","message":"db connected..."}
{"level":"info","message":"server running on port 3000..."}
{"level":"info","message":"db connected..."}
{"level":"info","message":"server running on port 3000..."}
{"level":"info","message":"db connected..."}
{"level":"info","message":"server running on port 3000..."}
{"level":"info","message":"db connected..."}
{"level":"info","message":"server running on port 3000..."}
{"level":"error","message":"Failed to fetch user profile"}
{"level":"error","message":"Failed to fetch user profile"}
{"level":"error","message":"Users validation failed: local.facebookId: Path `local.facebookId` is required., local.lastname: Path `local.lastname` is required., local.firstname: Path `local.firstname` is required."}
{"level":"info","message":"db connected..."}
{"level":"info","message":"server running on port 3000..."}
{"level":"error","message":"Users validation failed: local.lastname: Path `local.lastname` is required., local.firstname: Path `local.firstname` is required."}
{"level":"info","message":"db connected..."}
{"level":"info","message":"server running on port 3000..."}
{"level":"info","message":"db connected..."}
{"level":"info","message":"server running on port 3000..."}
{"level":"error","message":"newUser.save(...).select is not a function"}
{"level":"info","message":"db connected..."}
{"level":"info","message":"server running on port 3000..."}
{"level":"error","message":"(intermediate value).select is not a function"}
{"level":"info","message":"db connected..."}
{"level":"info","message":"server running on port 3000..."}
{"level":"error","message":"Failed to fetch user profile"}
{"level":"info","message":"db connected..."}
{"level":"info","message":"server running on port 3000..."}
{"level":"info","message":"db connected..."}
{"level":"info","message":"server running on port 3000..."}
{"level":"info","message":"db connected..."}
{"level":"info","message":"server running on port 3000..."}
{"level":"error","message":"Users validation failed: local.lastname: Path `local.lastname` is required., local.firstname: Path `local.firstname` is required., local.password: Path `local.password` is required., local.email: Path `local.email` is required."}
{"level":"info","message":"db connected..."}
{"level":"info","message":"server running on port 3000..."}
{"level":"error","message":"Unexpected token } in JSON at position 66"}
{"level":"info","message":"db connected..."}
{"level":"info","message":"server running on port 3000..."}
{"level":"info","message":"db connected..."}
{"level":"info","message":"server running on port 3000..."}
{"level":"error","message":"Illegal arguments: string, undefined"}
{"level":"info","message":"db connected..."}
{"level":"info","message":"server running on port 3000..."}
{"level":"error","message":"Illegal arguments: string, undefined"}
{"level":"info","message":"db connected..."}
{"level":"info","message":"server running on port 3000..."}
{"level":"info","message":"db connected..."}
{"level":"info","message":"server running on port 3000..."}
{"level":"error","message":"Illegal arguments: string, undefined"}
{"level":"info","message":"db connected..."}
{"level":"info","message":"server running on port 3000..."}
{"level":"error","message":"Illegal arguments: string, undefined"}
{"level":"info","message":"db connected..."}
{"level":"info","message":"server running on port 3000..."}
{"level":"error","message":"Illegal arguments: string, undefined"}
{"level":"info","message":"db connected..."}
{"level":"info","message":"server running on port 3000..."}
{"level":"info","message":"db connected..."}
{"level":"info","message":"server running on port 3000..."}
{"level":"info","message":"db connected..."}
{"level":"info","message":"server running on port 3000..."}
{"level":"info","message":"db connected..."}
{"level":"info","message":"server running on port 3000..."}
